Arguments: 
  /Users/aassahna/.nvm/versions/node/v8.10.0/bin/node /Users/aassahna/.yarn/bin/yarn.js

PATH: 
  /Users/aassahna/.nvm/versions/node/v8.10.0/bin:/Users/aassahna/.jenv/shims:/Users/aassahna/.jenv/bin:/Users/aassahna/.fastlane/bin:/Users/aassahna/Library/Python/2.7/bin:/Users/aassahna/base/phacility/arcanist/bin:/Users/aassahna/.yarn/bin:/Users/aassahna/.config/yarn/global/node_modules/.bin:/Users/aassahna/.jenv/shims:/Users/aassahna/.jenv/bin:/Users/aassahna/.fastlane/bin:/Users/aassahna/Library/Python/2.7/bin:/Users/aassahna/base/phacility/arcanist/bin:/Users/aassahna/.yarn/bin:/Users/aassahna/.config/yarn/global/node_modules/.bin:/usr/local/sbin:/usr/local/bin:/usr/bin:/bin:/usr/sbin:/sbin:/Users/aassahna/.jenv/shims:/Users/aassahna/.jenv/bin:/Users/aassahna/.fastlane/bin:/Users/aassahna/Library/Python/2.7/bin:/Users/aassahna/base/phacility/arcanist/bin:/Users/aassahna/.yarn/bin:/Users/aassahna/.config/yarn/global/node_modules/.bin:/usr/local/sbin

Yarn version: 
  1.10.1

Node version: 
  8.10.0

Platform: 
  darwin x64

Trace: 
  Error: getaddrinfo ENOTFOUND registry.yarnpkg.com registry.yarnpkg.com:443
      at errnoException (dns.js:50:10)
      at GetAddrInfoReqWrap.onlookup [as oncomplete] (dns.js:92:26)

npm manifest: 
  {
    "name": "trilio",
    "version": "1.0.0",
    "description": "Landing page for natours",
    "main": "index.js",
    "scripts": {
      "watch:sass": "node-sass sass/main.scss css/style.css -w",
      "devserver": "live-server",
      "start": "npm-run-all --parallel devserver watch:sass",
  
      "compile:sass": "node-sass sass/main.scss css/style.comp.css",
      "concat:css": "concat -o css/style.concat.css css/icon-font.css css/style.comp.css",
      "prefix:css": "postcss --use autoprefixer -b 'last 10 versions' css/style.concat.css -o css/style.prefix.css",
      "compress:css": "node-sass css/style.prefix.css css/style.css --output-style compressed",
      "build:css": "npm-run-all compile:sass concat:css prefix:css compress:css"
    },
    "author": "Jonas",
    "license": "ISC",
    "devDependencies": {
      "autoprefixer": "^7.1.4",
      "concat": "^1.0.3",
      "node-sass": "^4.5.3",
      "npm-run-all": "^4.1.1",
      "postcss-cli": "^4.1.1"
    }
  }

yarn manifest: 
  No manifest

Lockfile: 
  No lockfile
